<?xml version="1.0" encoding="UTF-8"?>
<!-- Generated by org.testng.reporters.JUnitXMLReporter -->
<testsuite ignored="0" hostname="HARISH" failures="0" tests="4" name="Default test" time="28.387" errors="0" timestamp="2021-05-16T12:15:40 IST">
  <testcase classname="datadrivenframework.test.DeleteAddressTest" name="logIn" time="0.18"/>
  <testcase classname="datadrivenframework.test.DeleteAddressTest" name="signIn" time="2.108"/>
  <testcase classname="datadrivenframework.test.DeleteAddressTest" name="addressTest" time="0.115"/>
  <testcase classname="datadrivenframework.test.DeleteAddressTest" name="deleteAddressTest" time="19.139"/>
</testsuite> <!-- Default test -->
