<?xml version="1.0" encoding="UTF-8"?>
<!-- Generated by org.testng.reporters.JUnitXMLReporter -->
<testsuite ignored="0" hostname="HARISH" failures="0" tests="6" name="Default test" time="22.93" errors="0" timestamp="2021-05-16T13:03:38 IST">
  <testcase classname="datadrivenframework.test.AddAddressTest" name="loginTest" time="0.182"/>
  <testcase classname="datadrivenframework.test.AddAddressTest" name="signinTest" time="1.545"/>
  <testcase classname="datadrivenframework.test.AddAddressTest" name="addressTest" time="0.107"/>
  <testcase classname="datadrivenframework.test.AddAddressTest" name="addAddressTest" time="5.303"/>
  <testcase classname="datadrivenframework.test.AddAddressTest" name="addAddressTest" time="5.434"/>
  <testcase classname="datadrivenframework.test.AddAddressTest" name="addAddressTest" time="5.416"/>
</testsuite> <!-- Default test -->
