<?xml version="1.0" encoding="UTF-8"?>
<!-- Generated by org.testng.reporters.JUnitXMLReporter -->
<testsuite ignored="0" hostname="HARISH" failures="0" tests="5" name="Test" time="27.079" errors="0" timestamp="2021-05-16T09:53:16 IST">
  <testcase classname="datadrivenframework.test.LoginTest" name="loginTest" time="0.466"/>
  <testcase classname="datadrivenframework.test.LoginTest" name="signinTest" time="2.202"/>
  <testcase classname="datadrivenframework.test.LoginTest" name="addressTest" time="3.186"/>
  <testcase classname="datadrivenframework.test.LoginTest" name="addAddressTest" time="6.421"/>
  <testcase classname="datadrivenframework.test.LoginTest" name="addAddressTest" time="6.36"/>
</testsuite> <!-- Test -->
