<?xml version="1.0" encoding="UTF-8"?>
<!-- Generated by org.testng.reporters.JUnitXMLReporter -->
<testsuite ignored="0" hostname="HARISH" failures="0" tests="5" name="Test" time="27.441" errors="0" timestamp="2021-05-16T09:50:27 IST">
  <testcase classname="datadrivenframework.test.LoginTest" name="loginTest" time="0.578"/>
  <testcase classname="datadrivenframework.test.LoginTest" name="signinTest" time="2.69"/>
  <testcase classname="datadrivenframework.test.LoginTest" name="addressTest" time="3.178"/>
  <testcase classname="datadrivenframework.test.LoginTest" name="addAddressTest" time="6.87"/>
  <testcase classname="datadrivenframework.test.LoginTest" name="addAddressTest" time="6.885"/>
</testsuite> <!-- Test -->
